\BOOKMARK [2][]{Outline0.1}{Binomial Coefficients}{}% 1
\BOOKMARK [2][]{Outline0.2}{\(n+a\)b =O\(nb\)}{}% 2
\BOOKMARK [2][]{Outline0.3}{Binomial Bounds}{}% 3
\BOOKMARK [2][]{Outline0.4}{Sample Space}{}% 4
\BOOKMARK [2][]{Outline0.5}{Events}{}% 5
\BOOKMARK [2][]{Outline0.6}{A probability distribution on a sample space S}{}% 6
\BOOKMARK [2][]{Outline0.7}{Discrete probability distribution}{}% 7
\BOOKMARK [2][]{Outline0.8}{Continuous uniform distribution}{}% 8
\BOOKMARK [2][]{Outline0.9}{Conditional probability}{}% 9
\BOOKMARK [2][]{Outline0.10}{Independence}{}% 10
\BOOKMARK [2][]{Outline0.11}{Bayes's theorem}{}% 11
\BOOKMARK [2][]{Outline0.12}{Bayes's theorem example}{}% 12
\BOOKMARK [2][]{Outline0.13}{Discrete random variables}{}% 13
\BOOKMARK [2][]{Outline0.14}{Expected value}{}% 14
\BOOKMARK [2][]{Outline0.15}{Variance}{}% 15
\BOOKMARK [2][]{Outline0.16}{Bernoulli trials}{}% 16
\BOOKMARK [2][]{Outline0.17}{Geometric distribution}{}% 17
\BOOKMARK [2][]{Outline0.18}{Geometric distribution}{}% 18
\BOOKMARK [2][]{Outline0.19}{Binomial distribution}{}% 19
\BOOKMARK [2][]{Outline0.20}{Binomial distribution}{}% 20
\BOOKMARK [2][]{Outline0.21}{Binomial distribution expectation}{}% 21
\BOOKMARK [2][]{Outline0.22}{Binomial distribution expectation}{}% 22
\BOOKMARK [2][]{Outline0.23}{Binomial distribution variance}{}% 23
\BOOKMARK [2][]{Outline0.24}{Binomial tails}{}% 24
