\BOOKMARK [2][]{Outline0.1}{Goals}{}% 1
\BOOKMARK [2][]{Outline0.2}{The Hiring Problem}{}% 2
\BOOKMARK [2][]{Outline0.3}{Hire-Assistant}{}% 3
\BOOKMARK [2][]{Outline0.4}{Costs}{}% 4
\BOOKMARK [2][]{Outline0.5}{Worst-case analysis}{}% 5
\BOOKMARK [2][]{Outline0.6}{Probabilistic analysis}{}% 6
\BOOKMARK [2][]{Outline0.7}{Problem of probabilistic analysis}{}% 7
\BOOKMARK [2][]{Outline0.8}{Randomized algorithms}{}% 8
\BOOKMARK [2][]{Outline0.9}{Randomized-Hire-Assistant}{}% 9
\BOOKMARK [2][]{Outline0.10}{What makes an algorithm randomized}{}% 10
\BOOKMARK [2][]{Outline0.11}{Indicator random variables}{}% 11
\BOOKMARK [2][]{Outline0.12}{Simple example}{}% 12
\BOOKMARK [2][]{Outline0.13}{More complicated example}{}% 13
\BOOKMARK [2][]{Outline0.14}{The hiring problem analysis}{}% 14
\BOOKMARK [2][]{Outline0.15}{The hiring problem}{}% 15
\BOOKMARK [2][]{Outline0.16}{Randomizing the hiring problem}{}% 16
\BOOKMARK [2][]{Outline0.17}{Randomizing the hiring problem}{}% 17
\BOOKMARK [2][]{Outline0.18}{Randomly permuting an array}{}% 18
\BOOKMARK [2][]{Outline0.19}{k-permutations}{}% 19
\BOOKMARK [2][]{Outline0.20}{Algorithm computes a uniform random permutation}{}% 20
\BOOKMARK [2][]{Outline0.21}{Algorithm computes a uniform random permutation}{}% 21
\BOOKMARK [2][]{Outline0.22}{Algorithm computes a uniform random permutation}{}% 22
\BOOKMARK [2][]{Outline0.23}{The birthday paradox}{}% 23
\BOOKMARK [2][]{Outline0.24}{The birthday paradox}{}% 24
\BOOKMARK [2][]{Outline0.25}{The birthday paradox}{}% 25
\BOOKMARK [2][]{Outline0.26}{The birthday paradox}{}% 26
\BOOKMARK [2][]{Outline0.27}{The birthday paradox using indicator RVs}{}% 27
\BOOKMARK [2][]{Outline0.28}{The birthday paradox using indicator RVs}{}% 28
\BOOKMARK [2][]{Outline0.29}{Difference between the analyses}{}% 29
