\BOOKMARK [2][]{Outline0.1}{Red-black trees}{}% 1
\BOOKMARK [2][]{Outline0.2}{Red-black trees}{}% 2
\BOOKMARK [2][]{Outline0.3}{Red-black tree properties \040 \(remember!\)}{}% 3
\BOOKMARK [2][]{Outline0.4}{Red-black tree}{}% 4
\BOOKMARK [2][]{Outline0.5}{Height of a red-black tree}{}% 5
\BOOKMARK [2][]{Outline0.6}{Claim 1:}{}% 6
\BOOKMARK [2][]{Outline0.7}{Claim 2:}{}% 7
\BOOKMARK [2][]{Outline0.8}{Lemma:}{}% 8
\BOOKMARK [2][]{Outline0.9}{Operations on red-black trees}{}% 9
\BOOKMARK [2][]{Outline0.10}{Rotations}{}% 10
\BOOKMARK [2][]{Outline0.11}{Rotations}{}% 11
\BOOKMARK [2][]{Outline0.13}{Insertion fixup}{}% 12
\BOOKMARK [2][]{Outline0.15}{Insertion fixup}{}% 13
\BOOKMARK [2][]{Outline0.17}{Loop invariant}{}% 14
\BOOKMARK [2][]{Outline0.18}{Maintenance, Case 1, uncle is red}{}% 15
\BOOKMARK [2][]{Outline0.19}{Maintenance, Case 2\0463, uncle is black:}{}% 16
\BOOKMARK [2][]{Outline0.20}{Analysis}{}% 17
\BOOKMARK [2][]{Outline0.21}{RB-Transplant}{}% 18
\BOOKMARK [2][]{Outline0.26}{What violations could occur if y was red?}{}% 19
\BOOKMARK [2][]{Outline0.27}{What violations could occur if y was black?}{}% 20
\BOOKMARK [2][]{Outline0.28}{RB-Delete-Fixup}{}% 21
\BOOKMARK [2][]{Outline0.32}{Possible paths}{}% 22
\BOOKMARK [2][]{Outline0.33}{Analysis}{}% 23
