\BOOKMARK [2][]{Outline0.1}{Big O definition}{}% 1
\BOOKMARK [2][]{Outline0.2}{n2 + 42n + 7 = O\(n2\)}{}% 2
\BOOKMARK [2][]{Outline0.3}{Proof of n2 + 42n + 7 = O\(n2\)}{}% 3
\BOOKMARK [2][]{Outline0.4}{Proof of 4n2 + 5 n + 3 = O\(n2\)}{}% 4
\BOOKMARK [2][]{Outline0.5}{Proof of 5nlgn + 8n - 200 = O\(nlgn\)}{}% 5
\BOOKMARK [2][]{Outline0.6}{Proof of \(n+5\)lg\(3n2+7\) = O\(nlgn\)}{}% 6
\BOOKMARK [2][]{Outline0.7}{Proof of \(n2 + 5lgn\)/\(2n+1\) = O\(n\)}{}% 7
\BOOKMARK [2][]{Outline0.8}{Useful facts}{}% 8
\BOOKMARK [2][]{Outline0.9}{Other sets}{}% 9
\BOOKMARK [2][]{Outline0.10}{When limits exist}{}% 10
\BOOKMARK [2][]{Outline0.11}{Other sets}{}% 11
\BOOKMARK [2][]{Outline0.12}{Number of anonymous functions}{}% 12
\BOOKMARK [2][]{Outline0.13}{Asymptotic notation in equations}{}% 13
\BOOKMARK [2][]{Outline0.14}{Relational properties}{}% 14
\BOOKMARK [2][]{Outline0.15}{Relations are not exhaustive}{}% 15
\BOOKMARK [2][]{Outline0.16}{Limits}{}% 16
\BOOKMARK [2][]{Outline0.17}{L'H\364pital's Rule}{}% 17
\BOOKMARK [2][]{Outline0.18}{L'H\364pital example}{}% 18
\BOOKMARK [2][]{Outline0.19}{L'H\364pital example}{}% 19
\BOOKMARK [2][]{Outline0.20}{L'H\364pital example}{}% 20
