\BOOKMARK [2][]{Outline0.1}{Source}{}% 1
\BOOKMARK [2][]{Outline0.2}{Summations}{}% 2
\BOOKMARK [2][]{Outline0.3}{Definition using recurrences}{}% 3
\BOOKMARK [2][]{Outline0.4}{Scope}{}% 4
\BOOKMARK [2][]{Outline0.5}{Summation is linear}{}% 5
\BOOKMARK [2][]{Outline0.6}{Multiple sums}{}% 6
\BOOKMARK [2][]{Outline0.7}{Products of sums}{}% 7
\BOOKMARK [2][]{Outline0.8}{Change of variables}{}% 8
\BOOKMARK [2][]{Outline0.9}{Change of variables}{}% 9
\BOOKMARK [2][]{Outline0.10}{Sums over index sets}{}% 10
\BOOKMARK [2][]{Outline0.11}{Confusing index sets}{}% 11
\BOOKMARK [2][]{Outline0.12}{Confusing index sets}{}% 12
\BOOKMARK [2][]{Outline0.13}{Sums without explicit bounds}{}% 13
\BOOKMARK [2][]{Outline0.14}{Double sums}{}% 14
\BOOKMARK [2][]{Outline0.15}{Closed forms}{}% 15
\BOOKMARK [2][]{Outline0.16}{Quick ``proof''}{}% 16
\BOOKMARK [2][]{Outline0.17}{Solving summations}{}% 17
\BOOKMARK [2][]{Outline0.18}{Guess but verify}{}% 18
\BOOKMARK [2][]{Outline0.19}{Prove guess by induction}{}% 19
\BOOKMARK [2][]{Outline0.20}{Strategies for asymptotic estimates}{}% 20
\BOOKMARK [2][]{Outline0.21}{Strategies for asymptotic estimates}{}% 21
